<?xml version="1.0" encoding="UTF-8"?>
<testng-results skipped="0" failed="5" ignored="0" total="5" passed="0">
  <reporter-output>
    <line>
      <![CDATA[<div "result">I enter the username as DemoSalesManager (PASSED : 3s)</div>]]>
    </line>
    <line>
      <![CDATA[<div "result">I enter the username as DemoSalesManager1 (PASSED : 3s)</div>]]>
    </line>
    <line>
      <![CDATA[<div "result">I enter the username as DemoSalesManager (PASSED : 3s)</div>]]>
    </line>
    <line>
      <![CDATA[<div "result">I enter the password as crmsfa (PASSED : 0s)</div>]]>
    </line>
    <line>
      <![CDATA[<div "result">I enter the password as crmsfa1 (PASSED : 0s)</div>]]>
    </line>
    <line>
      <![CDATA[<div "result">I enter the password as crmsfa (PASSED : 0s)</div>]]>
    </line>
    <line>
      <![CDATA[<div "result">Enter the credentials (PASSED : 3s)</div>]]>
    </line>
    <line>
      <![CDATA[<div "result">Enter the credentials (PASSED : 3s)</div>]]>
    </line>
    <line>
      <![CDATA[<div "result">Click CRM&#x2F;SFA (FAILED : 16s)</div>]]>
    </line>
    <line>
      <![CDATA[<div "result">Click Leads Link (SKIPPED)</div>]]>
    </line>
    <line>
      <![CDATA[<div "result">Click Find Leads (SKIPPED)</div>]]>
    </line>
    <line>
      <![CDATA[<div "result">Enter first name as Sethu Mathavan (SKIPPED)</div>]]>
    </line>
    <line>
      <![CDATA[<div "result">Click Find leads button (SKIPPED)</div>]]>
    </line>
    <line>
      <![CDATA[<div "result">Click on first resulting lead (SKIPPED)</div>]]>
    </line>
    <line>
      <![CDATA[<div "result">Click Edit button (SKIPPED)</div>]]>
    </line>
    <line>
      <![CDATA[<div "result">Enter Company name Wipro (SKIPPED)</div>]]>
    </line>
    <line>
      <![CDATA[<div "result">Click Update button (UNDEFINED)</div>]]>
    </line>
    <line>
      <![CDATA[<div "result">Confirm the changed name appears (UNDEFINED)</div>]]>
    </line>
    <line>
      <![CDATA[<div "result">I click on the Login Button (FAILED : 16s)</div>]]>
    </line>
    <line>
      <![CDATA[<div "result">I click on the Login Button (FAILED : 16s)</div>]]>
    </line>
    <line>
      <![CDATA[<div "result">Login should be failed (SKIPPED)</div>]]>
    </line>
    <line>
      <![CDATA[<div "result">Click CRM&#x2F;SFA (SKIPPED)</div>]]>
    </line>
    <line>
      <![CDATA[<div "result">I click on the Login Button (FAILED : 16s)</div>]]>
    </line>
    <line>
      <![CDATA[<div "result">Click Create Lead Link (SKIPPED)</div>]]>
    </line>
    <line>
      <![CDATA[<div "result">I should see the Login successful (SKIPPED)</div>]]>
    </line>
    <line>
      <![CDATA[<div "result">Enter Company name TCS (SKIPPED)</div>]]>
    </line>
    <line>
      <![CDATA[<div "result">Close the Browser (UNDEFINED)</div>]]>
    </line>
    <line>
      <![CDATA[<div "result">Enter First name Sethu Mathavan (SKIPPED)</div>]]>
    </line>
    <line>
      <![CDATA[<div "result">Enter Last name Subramanaian (SKIPPED)</div>]]>
    </line>
    <line>
      <![CDATA[<div "result">I click on Create Lead button (SKIPPED)</div>]]>
    </line>
    <line>
      <![CDATA[<div "result">Lead should be created successfully (SKIPPED)</div>]]>
    </line>
    <line>
      <![CDATA[<div "result">I click on the Login Button (FAILED : 16s)</div>]]>
    </line>
    <line>
      <![CDATA[<div "result">Login should be failed (SKIPPED)</div>]]>
    </line>
  </reporter-output>
  <suite name="Default suite" duration-ms="41363" started-at="2018-03-04T23:52:01Z" finished-at="2018-03-04T23:52:42Z">
    <groups>
    </groups>
    <test name="Default test" duration-ms="41363" started-at="2018-03-04T23:52:01Z" finished-at="2018-03-04T23:52:42Z">
      <class name="runner.RunTestNg">
        <test-method status="PASS" signature="setUpClass()[pri:0, instance:runner.RunTestNg@49993335]" name="setUpClass" is-config="true" duration-ms="535" started-at="2018-03-05T10:52:01Z" finished-at="2018-03-05T10:52:01Z">
          <reporter-output>
          </reporter-output>
        </test-method> <!-- setUpClass -->
        <test-method status="FAIL" signature="runScenario(cucumber.api.testng.PickleEventWrapper, cucumber.api.testng.CucumberFeatureWrapper)[pri:0, instance:runner.RunTestNg@49993335]" name="runScenario" duration-ms="40513" started-at="2018-03-05T10:52:02Z" data-provider="scenarios" finished-at="2018-03-05T10:52:42Z">
          <params>
            <param index="0">
              <value>
                <![CDATA["Login Positive Case"]]>
              </value>
            </param>
            <param index="1">
              <value>
                <![CDATA["Login into the Leaftaps Application Positive"]]>
              </value>
            </param>
          </params>
          <exception class="org.openqa.selenium.NoSuchWindowException">
            <message>
              <![CDATA[no such window: target window already closed
from unknown error: web view not found
  (Session info: chrome=64.0.3282.186)
  (Driver info: chromedriver=2.35.528161 (5b82f2d2aae0ca24b877009200ced9065a772e73),platform=Windows NT 6.1.7601 SP1 x86_64) (WARNING: The server did not provide any stacktrace information)
Command duration or timeout: 16.73 seconds
Build info: version: '3.4.0', revision: 'unknown', time: 'unknown'
System info: host: 'VASARAJA-IN', ip: '192.168.56.1', os.name: 'Windows 7', os.arch: 'amd64', os.version: '6.1', java.version: '1.8.0_144'
Driver info: org.openqa.selenium.chrome.ChromeDriver
Capabilities [{applicationCacheEnabled=false, rotatable=false, mobileEmulationEnabled=false, networkConnectionEnabled=false, chrome={chromedriverVersion=2.35.528161 (5b82f2d2aae0ca24b877009200ced9065a772e73), userDataDir=C:\Users\vasaraja\AppData\Local\Temp\scoped_dir5460_12558}, takesHeapSnapshot=true, pageLoadStrategy=normal, databaseEnabled=false, handlesAlerts=true, hasTouchScreen=false, version=64.0.3282.186, platform=XP, browserConnectionEnabled=false, nativeEvents=true, acceptSslCerts=false, acceptInsecureCerts=false, locationContextEnabled=true, webStorageEnabled=true, browserName=chrome, takesScreenshot=true, javascriptEnabled=true, cssSelectorsEnabled=true, setWindowRect=true, unexpectedAlertBehaviour=}]
Session ID: a08534362729dfa392fef0af017bdbd9
*** Element info: {Using=class name, value=decorativeSubmit}]]>
            </message>
            <full-stacktrace>
              <![CDATA[org.openqa.selenium.NoSuchWindowException: no such window: target window already closed
from unknown error: web view not found
  (Session info: chrome=64.0.3282.186)
  (Driver info: chromedriver=2.35.528161 (5b82f2d2aae0ca24b877009200ced9065a772e73),platform=Windows NT 6.1.7601 SP1 x86_64) (WARNING: The server did not provide any stacktrace information)
Command duration or timeout: 16.73 seconds
Build info: version: '3.4.0', revision: 'unknown', time: 'unknown'
System info: host: 'VASARAJA-IN', ip: '192.168.56.1', os.name: 'Windows 7', os.arch: 'amd64', os.version: '6.1', java.version: '1.8.0_144'
Driver info: org.openqa.selenium.chrome.ChromeDriver
Capabilities [{applicationCacheEnabled=false, rotatable=false, mobileEmulationEnabled=false, networkConnectionEnabled=false, chrome={chromedriverVersion=2.35.528161 (5b82f2d2aae0ca24b877009200ced9065a772e73), userDataDir=C:\Users\vasaraja\AppData\Local\Temp\scoped_dir5460_12558}, takesHeapSnapshot=true, pageLoadStrategy=normal, databaseEnabled=false, handlesAlerts=true, hasTouchScreen=false, version=64.0.3282.186, platform=XP, browserConnectionEnabled=false, nativeEvents=true, acceptSslCerts=false, acceptInsecureCerts=false, locationContextEnabled=true, webStorageEnabled=true, browserName=chrome, takesScreenshot=true, javascriptEnabled=true, cssSelectorsEnabled=true, setWindowRect=true, unexpectedAlertBehaviour=}]
Session ID: a08534362729dfa392fef0af017bdbd9
*** Element info: {Using=class name, value=decorativeSubmit}
	at sun.reflect.NativeConstructorAccessorImpl.newInstance0(Native Method)
	at sun.reflect.NativeConstructorAccessorImpl.newInstance(Unknown Source)
	at sun.reflect.DelegatingConstructorAccessorImpl.newInstance(Unknown Source)
	at java.lang.reflect.Constructor.newInstance(Unknown Source)
	at org.openqa.selenium.remote.ErrorHandler.createThrowable(ErrorHandler.java:215)
	at org.openqa.selenium.remote.ErrorHandler.throwIfResponseFailed(ErrorHandler.java:167)
	at org.openqa.selenium.remote.RemoteWebDriver.execute(RemoteWebDriver.java:671)
	at org.openqa.selenium.remote.RemoteWebDriver.findElement(RemoteWebDriver.java:410)
	at org.openqa.selenium.remote.RemoteWebDriver.findElementByClassName(RemoteWebDriver.java:493)
	at stepDefinitions.LoginSteps.clickLogin(LoginSteps.java:55)
	at ✽.I click on the Login Button(src/test/resources/features/Login.feature:10)
]]>
            </full-stacktrace>
          </exception> <!-- org.openqa.selenium.NoSuchWindowException -->
          <reporter-output>
            <line>
              <![CDATA[<div "result">Enter the credentials (PASSED : 3s)</div>]]>
            </line>
            <line>
              <![CDATA[<div "result">I click on the Login Button (FAILED : 16s)</div>]]>
            </line>
            <line>
              <![CDATA[<div "result">I should see the Login successful (SKIPPED)</div>]]>
            </line>
            <line>
              <![CDATA[<div "result">Close the Browser (UNDEFINED)</div>]]>
            </line>
          </reporter-output>
        </test-method> <!-- runScenario -->
        <test-method status="FAIL" signature="runScenario(cucumber.api.testng.PickleEventWrapper, cucumber.api.testng.CucumberFeatureWrapper)[pri:0, instance:runner.RunTestNg@49993335]" name="runScenario" duration-ms="40505" started-at="2018-03-05T10:52:02Z" data-provider="scenarios" finished-at="2018-03-05T10:52:42Z">
          <params>
            <param index="0">
              <value>
                <![CDATA["Edit Lead (Positive)"]]>
              </value>
            </param>
            <param index="1">
              <value>
                <![CDATA["Test Edit Lead functionality"]]>
              </value>
            </param>
          </params>
          <exception class="java.lang.NullPointerException">
            <full-stacktrace>
              <![CDATA[java.lang.NullPointerException
	at stepDefinitions.CommonSteps.clickCRMSFA(CommonSteps.java:9)
	at ✽.Click CRM/SFA(src/test/resources/features/EditLead.feature:6)
]]>
            </full-stacktrace>
          </exception> <!-- java.lang.NullPointerException -->
          <reporter-output>
            <line>
              <![CDATA[<div "result">I enter the username as DemoSalesManager (PASSED : 3s)</div>]]>
            </line>
            <line>
              <![CDATA[<div "result">I enter the password as crmsfa (PASSED : 0s)</div>]]>
            </line>
            <line>
              <![CDATA[<div "result">Click CRM&#x2F;SFA (FAILED : 16s)</div>]]>
            </line>
            <line>
              <![CDATA[<div "result">Click Leads Link (SKIPPED)</div>]]>
            </line>
            <line>
              <![CDATA[<div "result">Click Find Leads (SKIPPED)</div>]]>
            </line>
            <line>
              <![CDATA[<div "result">Enter first name as Sethu Mathavan (SKIPPED)</div>]]>
            </line>
            <line>
              <![CDATA[<div "result">Click Find leads button (SKIPPED)</div>]]>
            </line>
            <line>
              <![CDATA[<div "result">Click on first resulting lead (SKIPPED)</div>]]>
            </line>
            <line>
              <![CDATA[<div "result">Click Edit button (SKIPPED)</div>]]>
            </line>
            <line>
              <![CDATA[<div "result">Enter Company name Wipro (SKIPPED)</div>]]>
            </line>
            <line>
              <![CDATA[<div "result">Click Update button (UNDEFINED)</div>]]>
            </line>
            <line>
              <![CDATA[<div "result">Confirm the changed name appears (UNDEFINED)</div>]]>
            </line>
          </reporter-output>
        </test-method> <!-- runScenario -->
        <test-method status="FAIL" signature="runScenario(cucumber.api.testng.PickleEventWrapper, cucumber.api.testng.CucumberFeatureWrapper)[pri:0, instance:runner.RunTestNg@49993335]" name="runScenario" duration-ms="40512" started-at="2018-03-05T10:52:02Z" data-provider="scenarios" finished-at="2018-03-05T10:52:42Z">
          <params>
            <param index="0">
              <value>
                <![CDATA["Create Lead with only mandate fields"]]>
              </value>
            </param>
            <param index="1">
              <value>
                <![CDATA["Test Create Lead functionality"]]>
              </value>
            </param>
          </params>
          <exception class="org.openqa.selenium.NoSuchWindowException">
            <message>
              <![CDATA[no such window: target window already closed
from unknown error: web view not found
  (Session info: chrome=64.0.3282.186)
  (Driver info: chromedriver=2.35.528161 (5b82f2d2aae0ca24b877009200ced9065a772e73),platform=Windows NT 6.1.7601 SP1 x86_64) (WARNING: The server did not provide any stacktrace information)
Command duration or timeout: 16.68 seconds
Build info: version: '3.4.0', revision: 'unknown', time: 'unknown'
System info: host: 'VASARAJA-IN', ip: '192.168.56.1', os.name: 'Windows 7', os.arch: 'amd64', os.version: '6.1', java.version: '1.8.0_144'
Driver info: org.openqa.selenium.chrome.ChromeDriver
Capabilities [{applicationCacheEnabled=false, rotatable=false, mobileEmulationEnabled=false, networkConnectionEnabled=false, chrome={chromedriverVersion=2.35.528161 (5b82f2d2aae0ca24b877009200ced9065a772e73), userDataDir=C:\Users\vasaraja\AppData\Local\Temp\scoped_dir5460_12558}, takesHeapSnapshot=true, pageLoadStrategy=normal, databaseEnabled=false, handlesAlerts=true, hasTouchScreen=false, version=64.0.3282.186, platform=XP, browserConnectionEnabled=false, nativeEvents=true, acceptSslCerts=false, acceptInsecureCerts=false, locationContextEnabled=true, webStorageEnabled=true, browserName=chrome, takesScreenshot=true, javascriptEnabled=true, cssSelectorsEnabled=true, setWindowRect=true, unexpectedAlertBehaviour=}]
Session ID: a08534362729dfa392fef0af017bdbd9]]>
            </message>
            <full-stacktrace>
              <![CDATA[org.openqa.selenium.NoSuchWindowException: no such window: target window already closed
from unknown error: web view not found
  (Session info: chrome=64.0.3282.186)
  (Driver info: chromedriver=2.35.528161 (5b82f2d2aae0ca24b877009200ced9065a772e73),platform=Windows NT 6.1.7601 SP1 x86_64) (WARNING: The server did not provide any stacktrace information)
Command duration or timeout: 16.68 seconds
Build info: version: '3.4.0', revision: 'unknown', time: 'unknown'
System info: host: 'VASARAJA-IN', ip: '192.168.56.1', os.name: 'Windows 7', os.arch: 'amd64', os.version: '6.1', java.version: '1.8.0_144'
Driver info: org.openqa.selenium.chrome.ChromeDriver
Capabilities [{applicationCacheEnabled=false, rotatable=false, mobileEmulationEnabled=false, networkConnectionEnabled=false, chrome={chromedriverVersion=2.35.528161 (5b82f2d2aae0ca24b877009200ced9065a772e73), userDataDir=C:\Users\vasaraja\AppData\Local\Temp\scoped_dir5460_12558}, takesHeapSnapshot=true, pageLoadStrategy=normal, databaseEnabled=false, handlesAlerts=true, hasTouchScreen=false, version=64.0.3282.186, platform=XP, browserConnectionEnabled=false, nativeEvents=true, acceptSslCerts=false, acceptInsecureCerts=false, locationContextEnabled=true, webStorageEnabled=true, browserName=chrome, takesScreenshot=true, javascriptEnabled=true, cssSelectorsEnabled=true, setWindowRect=true, unexpectedAlertBehaviour=}]
Session ID: a08534362729dfa392fef0af017bdbd9
	at sun.reflect.NativeConstructorAccessorImpl.newInstance0(Native Method)
	at sun.reflect.NativeConstructorAccessorImpl.newInstance(Unknown Source)
	at sun.reflect.DelegatingConstructorAccessorImpl.newInstance(Unknown Source)
	at java.lang.reflect.Constructor.newInstance(Unknown Source)
	at org.openqa.selenium.remote.ErrorHandler.createThrowable(ErrorHandler.java:215)
	at org.openqa.selenium.remote.ErrorHandler.throwIfResponseFailed(ErrorHandler.java:167)
	at org.openqa.selenium.remote.RemoteWebDriver.execute(RemoteWebDriver.java:671)
	at org.openqa.selenium.remote.RemoteWebElement.execute(RemoteWebElement.java:272)
	at org.openqa.selenium.remote.RemoteWebElement.click(RemoteWebElement.java:82)
	at stepDefinitions.LoginSteps.clickLogin(LoginSteps.java:55)
	at ✽.I click on the Login Button(src/test/resources/features/CreateLead.feature:6)
]]>
            </full-stacktrace>
          </exception> <!-- org.openqa.selenium.NoSuchWindowException -->
          <reporter-output>
            <line>
              <![CDATA[<div "result">I enter the username as DemoSalesManager (PASSED : 3s)</div>]]>
            </line>
            <line>
              <![CDATA[<div "result">I enter the password as crmsfa (PASSED : 0s)</div>]]>
            </line>
            <line>
              <![CDATA[<div "result">I click on the Login Button (FAILED : 16s)</div>]]>
            </line>
            <line>
              <![CDATA[<div "result">Click CRM&#x2F;SFA (SKIPPED)</div>]]>
            </line>
            <line>
              <![CDATA[<div "result">Click Create Lead Link (SKIPPED)</div>]]>
            </line>
            <line>
              <![CDATA[<div "result">Enter Company name TCS (SKIPPED)</div>]]>
            </line>
            <line>
              <![CDATA[<div "result">Enter First name Sethu Mathavan (SKIPPED)</div>]]>
            </line>
            <line>
              <![CDATA[<div "result">Enter Last name Subramanaian (SKIPPED)</div>]]>
            </line>
            <line>
              <![CDATA[<div "result">I click on Create Lead button (SKIPPED)</div>]]>
            </line>
            <line>
              <![CDATA[<div "result">Lead should be created successfully (SKIPPED)</div>]]>
            </line>
          </reporter-output>
        </test-method> <!-- runScenario -->
        <test-method status="FAIL" signature="runScenario(cucumber.api.testng.PickleEventWrapper, cucumber.api.testng.CucumberFeatureWrapper)[pri:0, instance:runner.RunTestNg@49993335]" name="runScenario" duration-ms="40507" started-at="2018-03-05T10:52:02Z" data-provider="scenarios" finished-at="2018-03-05T10:52:42Z">
          <params>
            <param index="0">
              <value>
                <![CDATA["Login Negative Case"]]>
              </value>
            </param>
            <param index="1">
              <value>
                <![CDATA["Login into the Leaftaps Application Positive"]]>
              </value>
            </param>
          </params>
          <exception class="org.openqa.selenium.NoSuchWindowException">
            <message>
              <![CDATA[no such window: target window already closed
from unknown error: web view not found
  (Session info: chrome=64.0.3282.186)
  (Driver info: chromedriver=2.35.528161 (5b82f2d2aae0ca24b877009200ced9065a772e73),platform=Windows NT 6.1.7601 SP1 x86_64) (WARNING: The server did not provide any stacktrace information)
Command duration or timeout: 16.70 seconds
Build info: version: '3.4.0', revision: 'unknown', time: 'unknown'
System info: host: 'VASARAJA-IN', ip: '192.168.56.1', os.name: 'Windows 7', os.arch: 'amd64', os.version: '6.1', java.version: '1.8.0_144'
Driver info: org.openqa.selenium.chrome.ChromeDriver
Capabilities [{applicationCacheEnabled=false, rotatable=false, mobileEmulationEnabled=false, networkConnectionEnabled=false, chrome={chromedriverVersion=2.35.528161 (5b82f2d2aae0ca24b877009200ced9065a772e73), userDataDir=C:\Users\vasaraja\AppData\Local\Temp\scoped_dir5460_12558}, takesHeapSnapshot=true, pageLoadStrategy=normal, databaseEnabled=false, handlesAlerts=true, hasTouchScreen=false, version=64.0.3282.186, platform=XP, browserConnectionEnabled=false, nativeEvents=true, acceptSslCerts=false, acceptInsecureCerts=false, locationContextEnabled=true, webStorageEnabled=true, browserName=chrome, takesScreenshot=true, javascriptEnabled=true, cssSelectorsEnabled=true, setWindowRect=true, unexpectedAlertBehaviour=}]
Session ID: a08534362729dfa392fef0af017bdbd9
*** Element info: {Using=class name, value=decorativeSubmit}]]>
            </message>
            <full-stacktrace>
              <![CDATA[org.openqa.selenium.NoSuchWindowException: no such window: target window already closed
from unknown error: web view not found
  (Session info: chrome=64.0.3282.186)
  (Driver info: chromedriver=2.35.528161 (5b82f2d2aae0ca24b877009200ced9065a772e73),platform=Windows NT 6.1.7601 SP1 x86_64) (WARNING: The server did not provide any stacktrace information)
Command duration or timeout: 16.70 seconds
Build info: version: '3.4.0', revision: 'unknown', time: 'unknown'
System info: host: 'VASARAJA-IN', ip: '192.168.56.1', os.name: 'Windows 7', os.arch: 'amd64', os.version: '6.1', java.version: '1.8.0_144'
Driver info: org.openqa.selenium.chrome.ChromeDriver
Capabilities [{applicationCacheEnabled=false, rotatable=false, mobileEmulationEnabled=false, networkConnectionEnabled=false, chrome={chromedriverVersion=2.35.528161 (5b82f2d2aae0ca24b877009200ced9065a772e73), userDataDir=C:\Users\vasaraja\AppData\Local\Temp\scoped_dir5460_12558}, takesHeapSnapshot=true, pageLoadStrategy=normal, databaseEnabled=false, handlesAlerts=true, hasTouchScreen=false, version=64.0.3282.186, platform=XP, browserConnectionEnabled=false, nativeEvents=true, acceptSslCerts=false, acceptInsecureCerts=false, locationContextEnabled=true, webStorageEnabled=true, browserName=chrome, takesScreenshot=true, javascriptEnabled=true, cssSelectorsEnabled=true, setWindowRect=true, unexpectedAlertBehaviour=}]
Session ID: a08534362729dfa392fef0af017bdbd9
*** Element info: {Using=class name, value=decorativeSubmit}
	at sun.reflect.NativeConstructorAccessorImpl.newInstance0(Native Method)
	at sun.reflect.NativeConstructorAccessorImpl.newInstance(Unknown Source)
	at sun.reflect.DelegatingConstructorAccessorImpl.newInstance(Unknown Source)
	at java.lang.reflect.Constructor.newInstance(Unknown Source)
	at org.openqa.selenium.remote.ErrorHandler.createThrowable(ErrorHandler.java:215)
	at org.openqa.selenium.remote.ErrorHandler.throwIfResponseFailed(ErrorHandler.java:167)
	at org.openqa.selenium.remote.RemoteWebDriver.execute(RemoteWebDriver.java:671)
	at org.openqa.selenium.remote.RemoteWebDriver.findElement(RemoteWebDriver.java:410)
	at org.openqa.selenium.remote.RemoteWebDriver.findElementByClassName(RemoteWebDriver.java:493)
	at stepDefinitions.LoginSteps.clickLogin(LoginSteps.java:55)
	at ✽.I click on the Login Button(src/test/resources/features/Login.feature:24)
]]>
            </full-stacktrace>
          </exception> <!-- org.openqa.selenium.NoSuchWindowException -->
          <reporter-output>
            <line>
              <![CDATA[<div "result">Enter the credentials (PASSED : 3s)</div>]]>
            </line>
            <line>
              <![CDATA[<div "result">I click on the Login Button (FAILED : 16s)</div>]]>
            </line>
            <line>
              <![CDATA[<div "result">Login should be failed (SKIPPED)</div>]]>
            </line>
          </reporter-output>
        </test-method> <!-- runScenario -->
        <test-method status="FAIL" signature="runScenario(cucumber.api.testng.PickleEventWrapper, cucumber.api.testng.CucumberFeatureWrapper)[pri:0, instance:runner.RunTestNg@49993335]" name="runScenario" duration-ms="40512" started-at="2018-03-05T10:52:02Z" data-provider="scenarios" finished-at="2018-03-05T10:52:42Z">
          <params>
            <param index="0">
              <value>
                <![CDATA["Login Negative Case"]]>
              </value>
            </param>
            <param index="1">
              <value>
                <![CDATA["Login into the Leaftaps Application Negative"]]>
              </value>
            </param>
          </params>
          <exception class="org.openqa.selenium.NoSuchWindowException">
            <message>
              <![CDATA[no such window: target window already closed
from unknown error: web view not found
  (Session info: chrome=64.0.3282.186)
  (Driver info: chromedriver=2.35.528161 (5b82f2d2aae0ca24b877009200ced9065a772e73),platform=Windows NT 6.1.7601 SP1 x86_64) (WARNING: The server did not provide any stacktrace information)
Command duration or timeout: 16.68 seconds
Build info: version: '3.4.0', revision: 'unknown', time: 'unknown'
System info: host: 'VASARAJA-IN', ip: '192.168.56.1', os.name: 'Windows 7', os.arch: 'amd64', os.version: '6.1', java.version: '1.8.0_144'
Driver info: org.openqa.selenium.chrome.ChromeDriver
Capabilities [{applicationCacheEnabled=false, rotatable=false, mobileEmulationEnabled=false, networkConnectionEnabled=false, chrome={chromedriverVersion=2.35.528161 (5b82f2d2aae0ca24b877009200ced9065a772e73), userDataDir=C:\Users\vasaraja\AppData\Local\Temp\scoped_dir5460_12558}, takesHeapSnapshot=true, pageLoadStrategy=normal, databaseEnabled=false, handlesAlerts=true, hasTouchScreen=false, version=64.0.3282.186, platform=XP, browserConnectionEnabled=false, nativeEvents=true, acceptSslCerts=false, acceptInsecureCerts=false, locationContextEnabled=true, webStorageEnabled=true, browserName=chrome, takesScreenshot=true, javascriptEnabled=true, cssSelectorsEnabled=true, setWindowRect=true, unexpectedAlertBehaviour=}]
Session ID: a08534362729dfa392fef0af017bdbd9]]>
            </message>
            <full-stacktrace>
              <![CDATA[org.openqa.selenium.NoSuchWindowException: no such window: target window already closed
from unknown error: web view not found
  (Session info: chrome=64.0.3282.186)
  (Driver info: chromedriver=2.35.528161 (5b82f2d2aae0ca24b877009200ced9065a772e73),platform=Windows NT 6.1.7601 SP1 x86_64) (WARNING: The server did not provide any stacktrace information)
Command duration or timeout: 16.68 seconds
Build info: version: '3.4.0', revision: 'unknown', time: 'unknown'
System info: host: 'VASARAJA-IN', ip: '192.168.56.1', os.name: 'Windows 7', os.arch: 'amd64', os.version: '6.1', java.version: '1.8.0_144'
Driver info: org.openqa.selenium.chrome.ChromeDriver
Capabilities [{applicationCacheEnabled=false, rotatable=false, mobileEmulationEnabled=false, networkConnectionEnabled=false, chrome={chromedriverVersion=2.35.528161 (5b82f2d2aae0ca24b877009200ced9065a772e73), userDataDir=C:\Users\vasaraja\AppData\Local\Temp\scoped_dir5460_12558}, takesHeapSnapshot=true, pageLoadStrategy=normal, databaseEnabled=false, handlesAlerts=true, hasTouchScreen=false, version=64.0.3282.186, platform=XP, browserConnectionEnabled=false, nativeEvents=true, acceptSslCerts=false, acceptInsecureCerts=false, locationContextEnabled=true, webStorageEnabled=true, browserName=chrome, takesScreenshot=true, javascriptEnabled=true, cssSelectorsEnabled=true, setWindowRect=true, unexpectedAlertBehaviour=}]
Session ID: a08534362729dfa392fef0af017bdbd9
	at sun.reflect.NativeConstructorAccessorImpl.newInstance0(Native Method)
	at sun.reflect.NativeConstructorAccessorImpl.newInstance(Unknown Source)
	at sun.reflect.DelegatingConstructorAccessorImpl.newInstance(Unknown Source)
	at java.lang.reflect.Constructor.newInstance(Unknown Source)
	at org.openqa.selenium.remote.ErrorHandler.createThrowable(ErrorHandler.java:215)
	at org.openqa.selenium.remote.ErrorHandler.throwIfResponseFailed(ErrorHandler.java:167)
	at org.openqa.selenium.remote.RemoteWebDriver.execute(RemoteWebDriver.java:671)
	at org.openqa.selenium.remote.RemoteWebElement.execute(RemoteWebElement.java:272)
	at org.openqa.selenium.remote.RemoteWebElement.click(RemoteWebElement.java:82)
	at stepDefinitions.LoginSteps.clickLogin(LoginSteps.java:55)
	at ✽.I click on the Login Button(src/test/resources/features/LoginFailure.feature:6)
]]>
            </full-stacktrace>
          </exception> <!-- org.openqa.selenium.NoSuchWindowException -->
          <reporter-output>
            <line>
              <![CDATA[<div "result">I enter the username as DemoSalesManager1 (PASSED : 3s)</div>]]>
            </line>
            <line>
              <![CDATA[<div "result">I enter the password as crmsfa1 (PASSED : 0s)</div>]]>
            </line>
            <line>
              <![CDATA[<div "result">I click on the Login Button (FAILED : 16s)</div>]]>
            </line>
            <line>
              <![CDATA[<div "result">Login should be failed (SKIPPED)</div>]]>
            </line>
          </reporter-output>
        </test-method> <!-- runScenario -->
        <test-method status="PASS" signature="tearDownClass()[pri:0, instance:runner.RunTestNg@49993335]" name="tearDownClass" is-config="true" duration-ms="19" started-at="2018-03-05T10:52:42Z" finished-at="2018-03-05T10:52:42Z">
          <reporter-output>
          </reporter-output>
        </test-method> <!-- tearDownClass -->
      </class> <!-- runner.RunTestNg -->
    </test> <!-- Default test -->
  </suite> <!-- Default suite -->
</testng-results>
